<?xml version="1.0" encoding="UTF-8"?>
<!-- Generated by org.testng.reporters.JUnitReportReporter -->
<testsuite hostname="TYSS-Akshay-Gowda" failures="0" tests="1" name="Appium.Calculator" time="0.015" errors="0" timestamp="2024-01-23T12:51:14 IST" skipped="0">
  <testcase classname="Appium.Calculator" name="Demo" time="0.015"/>
</testsuite> <!-- Appium.Calculator -->
